2026-04-07 05:38:36,580 - INFO - 📂 Leyendo archivo: data\BioTecnos.xlsx
2026-04-07 05:38:36,865 - INFO - 📋 Total de IDs únicos a procesar: 117
2026-04-07 05:38:36,866 - INFO - 🚀 Iniciando driver...
2026-04-07 05:38:36,868 - INFO - ====== WebDriver manager ======
2026-04-07 05:38:37,756 - INFO - Get LATEST chromedriver version for google-chrome
2026-04-07 05:38:38,034 - INFO - Get LATEST chromedriver version for google-chrome
2026-04-07 05:38:38,295 - INFO - Driver [C:\Users\bryan\.wdm\drivers\chromedriver\win64\146.0.7680.165\chromedriver-win32/chromedriver.exe] found in cache
2026-04-07 05:38:39,380 - INFO - ✅ Driver creado exitosamente.
2026-04-07 05:38:39,381 - INFO - 🔐 Iniciando sesión...
2026-04-07 05:38:42,565 - INFO - ✅ Sesión iniciada correctamente
2026-04-07 05:38:44,566 - INFO - 🔍 Extrayendo datos de producción para cada ID...
2026-04-07 05:38:48,527 - ERROR - ❌ Error en ID 887 (5/117): ('Connection aborted.', ConnectionResetError(10054, 'Se ha forzado la interrupción de una conexión existente por el host remoto', None, 10054, None))
2026-04-07 05:38:51,223 - INFO - 📂 Leyendo archivo: data\BioTecnos.xlsx
2026-04-07 05:38:51,409 - INFO - 📋 Total de IDs únicos a procesar: 117
2026-04-07 05:38:51,409 - INFO - 🚀 Iniciando driver...
2026-04-07 05:38:51,413 - INFO - ====== WebDriver manager ======
2026-04-07 05:38:52,304 - INFO - Get LATEST chromedriver version for google-chrome
2026-04-07 05:38:52,971 - INFO - Get LATEST chromedriver version for google-chrome
2026-04-07 05:38:53,538 - INFO - Driver [C:\Users\bryan\.wdm\drivers\chromedriver\win64\146.0.7680.165\chromedriver-win32/chromedriver.exe] found in cache
2026-04-07 05:38:54,644 - INFO - ✅ Driver creado exitosamente.
2026-04-07 05:38:54,644 - INFO - 🔐 Iniciando sesión...
2026-04-07 05:38:55,129 - WARNING - Retrying (Retry(total=2, connect=None, read=None, redirect=None, status=None)) after connection broken by 'ConnectionResetError(10054, 'Se ha forzado la interrupción de una conexión existente por el host remoto', None, 10054, None)': /session/781dae1dfcdb14a4a1fbdf2eea36f101
2026-04-07 05:38:59,244 - WARNING - Retrying (Retry(total=1, connect=None, read=None, redirect=None, status=None)) after connection broken by 'NewConnectionError("HTTPConnection(host='localhost', port=63046): Failed to establish a new connection: [WinError 10061] No se puede establecer una conexión ya que el equipo de destino denegó expresamente dicha conexión")': /session/781dae1dfcdb14a4a1fbdf2eea36f101
2026-04-07 05:39:03,323 - WARNING - Retrying (Retry(total=0, connect=None, read=None, redirect=None, status=None)) after connection broken by 'NewConnectionError("HTTPConnection(host='localhost', port=63046): Failed to establish a new connection: [WinError 10061] No se puede establecer una conexión ya que el equipo de destino denegó expresamente dicha conexión")': /session/781dae1dfcdb14a4a1fbdf2eea36f101
2026-04-07 05:39:07,403 - INFO - 🚪 Driver cerrado.
2026-04-07 05:41:18,460 - INFO - 📂 Leyendo archivo: data\BioTecnos.xlsx
2026-04-07 05:41:18,646 - INFO - 📋 Total de IDs únicos a procesar: 117
2026-04-07 05:41:18,646 - INFO - 🚀 Iniciando driver...
2026-04-07 05:41:18,649 - INFO - ====== WebDriver manager ======
2026-04-07 05:41:19,470 - INFO - Get LATEST chromedriver version for google-chrome
2026-04-07 05:41:19,724 - INFO - Get LATEST chromedriver version for google-chrome
2026-04-07 05:41:19,985 - INFO - Driver [C:\Users\bryan\.wdm\drivers\chromedriver\win64\146.0.7680.165\chromedriver-win32/chromedriver.exe] found in cache
2026-04-07 05:41:22,053 - INFO - ✅ Driver creado exitosamente.
2026-04-07 05:41:22,054 - INFO - 🔐 Iniciando sesión...
2026-04-07 05:41:24,015 - INFO - ✅ Sesión iniciada correctamente
2026-04-07 05:41:26,016 - INFO - 🔍 Extrayendo datos de producción para cada ID...
2026-04-07 05:41:34,944 - INFO -    Procesados 10/117 IDs...
2026-04-07 05:41:46,370 - INFO -    Procesados 20/117 IDs...
2026-04-07 05:41:58,985 - INFO -    Procesados 30/117 IDs...
2026-04-07 05:42:08,136 - INFO -    Procesados 40/117 IDs...
2026-04-07 05:42:17,489 - INFO -    Procesados 50/117 IDs...
2026-04-07 05:42:26,627 - INFO -    Procesados 60/117 IDs...
2026-04-07 05:42:36,263 - INFO -    Procesados 70/117 IDs...
2026-04-07 05:42:45,637 - INFO -    Procesados 80/117 IDs...
2026-04-07 05:42:55,637 - INFO -    Procesados 90/117 IDs...
2026-04-07 05:43:05,342 - INFO -    Procesados 100/117 IDs...
2026-04-07 05:43:14,691 - INFO -    Procesados 110/117 IDs...
2026-04-07 05:43:23,908 - INFO - 🚪 Driver cerrado.
2026-04-07 05:43:24,024 - INFO - 
✅ Reporte generado exitosamente.
2026-04-07 05:43:24,025 - INFO -    📅 HOY: 1 filas
2026-04-07 05:43:24,025 - INFO -    📅 PRÓXIMOS: 110 filas
2026-04-07 05:43:24,025 - INFO -    📅 SEMANA ACTUAL: 12 filas
2026-04-07 05:43:24,025 - INFO -    💾 Archivo: output\Muestreos_Activos.xlsx
2026-04-07 13:01:04,721 - INFO - 📂 Leyendo archivo: data\BioTecnos.xlsx
2026-04-07 13:01:05,270 - INFO - 📋 Total de IDs únicos a procesar: 118
2026-04-07 13:01:05,271 - INFO - 🚀 Iniciando driver...
2026-04-07 13:01:05,273 - INFO - ====== WebDriver manager ======
2026-04-07 13:01:06,199 - INFO - Get LATEST chromedriver version for google-chrome
2026-04-07 13:01:06,462 - INFO - Get LATEST chromedriver version for google-chrome
2026-04-07 13:01:06,702 - INFO - Driver [C:\Users\bryan\.wdm\drivers\chromedriver\win64\146.0.7680.165\chromedriver-win32/chromedriver.exe] found in cache
2026-04-07 13:01:08,790 - INFO - ✅ Driver creado exitosamente.
2026-04-07 13:01:08,791 - INFO - 🔐 Iniciando sesión...
2026-04-07 13:01:10,106 - INFO - ✅ Sesión iniciada correctamente
2026-04-07 13:01:12,107 - INFO - 🔍 Extrayendo datos de producción para cada ID...
2026-04-07 13:01:23,710 - INFO -    Procesados 10/118 IDs...
2026-04-07 13:01:35,719 - INFO -    Procesados 20/118 IDs...
2026-04-07 13:01:48,811 - INFO -    Procesados 30/118 IDs...
2026-04-07 13:01:59,987 - INFO -    Procesados 40/118 IDs...
2026-04-07 13:02:11,533 - INFO -    Procesados 50/118 IDs...
2026-04-07 13:02:23,117 - INFO -    Procesados 60/118 IDs...
2026-04-07 13:02:35,505 - INFO -    Procesados 70/118 IDs...
2026-04-07 13:02:47,988 - INFO -    Procesados 80/118 IDs...
2026-04-07 13:03:02,036 - INFO -    Procesados 90/118 IDs...
2026-04-07 13:03:13,615 - INFO -    Procesados 100/118 IDs...
2026-04-07 13:03:26,410 - INFO -    Procesados 110/118 IDs...
2026-04-07 13:03:39,493 - INFO - 🚪 Driver cerrado.
2026-04-07 13:03:39,861 - INFO - 
✅ Reporte generado exitosamente.
2026-04-07 13:03:39,861 - INFO -    📅 HOY: 1 filas
2026-04-07 13:03:39,862 - INFO -    📅 PRÓXIMOS: 111 filas
2026-04-07 13:03:39,862 - INFO -    📅 SEMANA ACTUAL: 12 filas
2026-04-07 13:03:39,862 - INFO -    💾 Archivo: output\Muestreos_Activos.xlsx
2026-04-07 13:10:46,730 - INFO - 📂 Leyendo archivo: data\BioTecnos.xlsx
2026-04-07 13:10:46,954 - INFO - 📋 Total de IDs únicos a procesar: 118
2026-04-07 13:10:46,954 - INFO - 🚀 Iniciando driver...
2026-04-07 13:10:46,960 - INFO - ====== WebDriver manager ======
2026-04-07 13:10:48,406 - INFO - Get LATEST chromedriver version for google-chrome
2026-04-07 13:10:48,741 - INFO - Get LATEST chromedriver version for google-chrome
2026-04-07 13:10:49,080 - INFO - Driver [C:\Users\bryan\.wdm\drivers\chromedriver\win64\146.0.7680.165\chromedriver-win32/chromedriver.exe] found in cache
2026-04-07 13:10:53,290 - INFO - ✅ Driver creado exitosamente.
2026-04-07 13:10:53,290 - INFO - 🔐 Iniciando sesión...
2026-04-07 13:10:55,059 - INFO - ✅ Sesión iniciada correctamente
2026-04-07 13:10:57,060 - INFO - 🔍 Extrayendo datos de producción para cada ID...
2026-04-07 13:11:08,757 - INFO -    Procesados 10/118 IDs...
2026-04-07 13:11:20,226 - INFO -    Procesados 20/118 IDs...
2026-04-07 13:11:33,123 - INFO -    Procesados 30/118 IDs...
2026-04-07 13:11:44,173 - INFO -    Procesados 40/118 IDs...
2026-04-07 13:11:55,630 - INFO -    Procesados 50/118 IDs...
2026-04-07 13:12:07,661 - INFO -    Procesados 60/118 IDs...
2026-04-07 13:12:20,310 - INFO -    Procesados 70/118 IDs...
2026-04-07 13:12:32,896 - INFO -    Procesados 80/118 IDs...
2026-04-07 13:12:47,094 - INFO -    Procesados 90/118 IDs...
2026-04-07 13:12:58,528 - INFO -    Procesados 100/118 IDs...
2026-04-07 13:13:11,242 - INFO -    Procesados 110/118 IDs...
2026-04-07 13:13:24,517 - INFO - 🚪 Driver cerrado.
2026-04-07 13:13:24,863 - INFO - 
✅ Reporte generado exitosamente.
2026-04-07 13:13:24,863 - INFO -    📅 HOY: 1 filas
2026-04-07 13:13:24,864 - INFO -    📅 PRÓXIMOS: 110 filas
2026-04-07 13:13:24,864 - INFO -    📅 SEMANA ACTUAL: 12 filas
2026-04-07 13:13:24,865 - INFO -    💾 Archivo: output\Muestreos_Activos.xlsx
2026-04-07 22:30:02,181 - INFO - 📂 Leyendo archivo: data\BioTecnos.xlsx
2026-04-07 22:30:02,979 - INFO - 📋 Total de IDs únicos a procesar: 118
2026-04-07 22:30:02,979 - INFO - 🚀 Iniciando driver...
2026-04-07 22:30:02,984 - INFO - ====== WebDriver manager ======
2026-04-07 22:30:04,302 - INFO - Get LATEST chromedriver version for google-chrome
2026-04-07 22:30:06,080 - INFO - Get LATEST chromedriver version for google-chrome
2026-04-07 22:30:06,826 - INFO - Driver [C:\Users\bryan\.wdm\drivers\chromedriver\win64\146.0.7680.165\chromedriver-win32/chromedriver.exe] found in cache
2026-04-07 22:30:08,532 - INFO - ✅ Driver creado exitosamente.
2026-04-07 22:30:08,533 - INFO - 🔐 Iniciando sesión...
2026-04-07 22:30:10,925 - INFO - ✅ Sesión iniciada correctamente
2026-04-07 22:30:12,926 - INFO - 🔍 Extrayendo datos de producción para cada ID...
2026-04-07 22:30:26,669 - INFO -    Procesados 10/118 IDs...
2026-04-07 22:30:40,442 - INFO -    Procesados 20/118 IDs...
2026-04-07 22:30:56,145 - INFO -    Procesados 30/118 IDs...
2026-04-07 22:31:09,464 - INFO -    Procesados 40/118 IDs...
2026-04-07 22:31:23,472 - INFO -    Procesados 50/118 IDs...
2026-04-07 22:31:37,478 - INFO -    Procesados 60/118 IDs...
2026-04-07 22:31:52,523 - INFO -    Procesados 70/118 IDs...
2026-04-07 22:32:07,752 - INFO -    Procesados 80/118 IDs...
2026-04-07 22:32:25,360 - INFO -    Procesados 90/118 IDs...
2026-04-07 22:32:39,123 - INFO -    Procesados 100/118 IDs...
2026-04-07 22:32:54,852 - INFO -    Procesados 110/118 IDs...
2026-04-07 22:33:10,484 - INFO - 🚪 Driver cerrado.
2026-04-07 22:33:10,911 - INFO - 
✅ Reporte generado exitosamente.
2026-04-07 22:33:10,912 - INFO -    📅 HOY: 1 filas
2026-04-07 22:33:10,912 - INFO -    📅 PRÓXIMOS: 110 filas
2026-04-07 22:33:10,913 - INFO -    📅 SEMANA ACTUAL: 12 filas
2026-04-07 22:33:10,913 - INFO -    💾 Archivo: output\Muestreos_Activos.xlsx
2026-04-08 22:22:27,590 - INFO - 📂 Leyendo archivo: data\BioTecnos.xlsx
2026-04-08 22:30:02,418 - INFO - 📂 Leyendo archivo: data\BioTecnos.xlsx
2026-04-09 06:55:10,664 - INFO - 📂 Leyendo archivo: data\BioTecnos.xlsx
2026-04-09 06:55:11,980 - INFO - 📋 Total de IDs únicos a procesar: 126
2026-04-09 06:55:11,981 - INFO - 🚀 Iniciando driver...
2026-04-09 06:55:11,988 - INFO - ====== WebDriver manager ======
2026-04-09 06:55:13,371 - INFO - Get LATEST chromedriver version for google-chrome
2026-04-09 06:55:14,164 - INFO - Get LATEST chromedriver version for google-chrome
2026-04-09 06:55:14,869 - INFO - Driver [C:\Users\bryan\.wdm\drivers\chromedriver\win64\146.0.7680.165\chromedriver-win32/chromedriver.exe] found in cache
2026-04-09 06:55:19,097 - INFO - ✅ Driver creado exitosamente.
2026-04-09 06:55:19,098 - INFO - 🔐 Iniciando sesión...
2026-04-09 06:55:20,554 - INFO - ✅ Sesión iniciada correctamente
2026-04-09 06:55:22,555 - INFO - 🔍 Extrayendo datos de producción para cada ID...
2026-04-09 06:55:36,656 - INFO -    Procesados 10/126 IDs...
2026-04-09 06:55:48,905 - INFO -    Procesados 20/126 IDs...
2026-04-09 06:56:00,195 - INFO -    Procesados 30/126 IDs...
2026-04-09 06:56:12,957 - INFO -    Procesados 40/126 IDs...
2026-04-09 06:56:24,231 - INFO -    Procesados 50/126 IDs...
2026-04-09 06:56:36,398 - INFO -    Procesados 60/126 IDs...
2026-04-09 06:56:48,376 - INFO -    Procesados 70/126 IDs...
2026-04-09 06:57:01,113 - INFO -    Procesados 80/126 IDs...
2026-04-09 06:57:13,664 - INFO -    Procesados 90/126 IDs...
2026-04-09 06:57:25,881 - INFO -    Procesados 100/126 IDs...
2026-04-09 06:57:38,246 - INFO -    Procesados 110/126 IDs...
2026-04-09 06:57:50,286 - INFO -    Procesados 120/126 IDs...
2026-04-09 06:58:00,541 - INFO - 🚪 Driver cerrado.
2026-04-09 06:58:00,898 - INFO - 
✅ Reporte generado exitosamente.
2026-04-09 06:58:00,898 - INFO -    📅 HOY: 2 filas
2026-04-09 06:58:00,899 - INFO -    📅 PRÓXIMOS: 118 filas
2026-04-09 06:58:00,900 - INFO -    📅 SEMANA ACTUAL: 12 filas
2026-04-09 06:58:00,900 - INFO -    💾 Archivo: output\Muestreos_Activos.xlsx
