2026-04-07 05:35:47,686 - INFO - 📅 Rango: 2025-08-07 → 2026-04-07 (8 meses atrás)
2026-04-07 05:35:47,688 - INFO - ====== WebDriver manager ======
2026-04-07 05:35:48,578 - INFO - Get LATEST chromedriver version for google-chrome
2026-04-07 05:35:48,828 - INFO - Get LATEST chromedriver version for google-chrome
2026-04-07 05:35:49,066 - INFO - Driver [C:\Users\bryan\.wdm\drivers\chromedriver\win64\146.0.7680.165\chromedriver-win32/chromedriver.exe] found in cache
2026-04-07 05:35:50,170 - INFO - ✅ Driver creado exitosamente.
2026-04-07 05:35:50,170 - INFO - 🔐 Iniciando sesión...
2026-04-07 05:35:51,421 - INFO - ✅ Sesión iniciada correctamente
2026-04-07 05:35:53,422 - INFO - 🌐 Navegando a: https://sisbiotecnos.cl/ex_vitro/lote_maceta/index?fecha_inicio=2025-08-07&fecha_termino=2026-04-07&especie=*&variedad=*&estado=2
2026-04-07 05:35:57,050 - INFO - 🔘 Haciendo clic en 'Aplicar filtros'...
2026-04-07 05:35:59,767 - INFO - 📄 Procesando página 1...
2026-04-07 05:36:03,154 - INFO -    ✅ 50 filas extraídas
2026-04-07 05:36:05,241 - INFO - 📄 Procesando página 2...
2026-04-07 05:36:08,405 - INFO -    ✅ 50 filas extraídas
2026-04-07 05:36:10,470 - INFO - 📄 Procesando página 3...
2026-04-07 05:36:13,937 - INFO -    ✅ 50 filas extraídas
2026-04-07 05:36:16,005 - INFO - 📄 Procesando página 4...
2026-04-07 05:36:17,688 - INFO -    ✅ 19 filas extraídas
2026-04-07 05:36:17,704 - INFO - 📌 Última página alcanzada.
2026-04-07 05:36:17,705 - INFO - 
🎉 Total de registros extraídos: 169
2026-04-07 05:36:17,705 - INFO - 
📊 Vista previa:
2026-04-07 05:36:17,709 - INFO - 
    ID         Código       Fecha   Especie   Variedad    LMC Dominante Macetas actuales Reagrupado         Estado
0  890  M02M039L20603  24-03-2026  Arándano  02M039L20  NO LMC ( 100% )           12.000         NO  En inventario
1  889  M02L008L11602  24-03-2026  Arándano  02L008L11  NO LMC ( 100% )              620         NO  En inventario
2  888  M02T105L03603  24-03-2026  Arándano  02T105L03  NO LMC ( 100% )              750         NO  En inventario
3  887  M02T083LA3601  24-03-2026  Arándano  02T083LA3  NO LMC ( 100% )            3.318         NO  En inventario
4  886  M02T083LB4602  24-03-2026  Arándano  02T083LB4  NO LMC ( 100% )            2.836         NO  En inventario
2026-04-07 05:36:17,778 - INFO - 💾 Datos guardados en 'C:\SYNERGIABIO\APP_MACRO\data\BioTecnos.xlsx'
2026-04-07 05:36:19,922 - INFO - 🚪 Driver cerrado.
2026-04-07 12:59:12,075 - INFO - 📅 Rango: 2025-08-07 → 2026-04-07 (8 meses atrás)
2026-04-07 12:59:12,078 - INFO - ====== WebDriver manager ======
2026-04-07 12:59:12,913 - INFO - Get LATEST chromedriver version for google-chrome
2026-04-07 12:59:13,195 - INFO - Get LATEST chromedriver version for google-chrome
2026-04-07 12:59:13,423 - INFO - Driver [C:\Users\bryan\.wdm\drivers\chromedriver\win64\146.0.7680.165\chromedriver-win32/chromedriver.exe] found in cache
2026-04-07 12:59:15,141 - INFO - ✅ Driver creado exitosamente.
2026-04-07 12:59:15,142 - INFO - 🔐 Iniciando sesión...
2026-04-07 12:59:16,220 - INFO - ✅ Sesión iniciada correctamente
2026-04-07 12:59:18,221 - INFO - 🌐 Navegando a: https://sisbiotecnos.cl/ex_vitro/lote_maceta/index?fecha_inicio=2025-08-07&fecha_termino=2026-04-07&especie=*&variedad=*&estado=2
2026-04-07 12:59:21,825 - INFO - 🔘 Haciendo clic en 'Aplicar filtros'...
2026-04-07 12:59:24,389 - INFO - 📄 Procesando página 1...
2026-04-07 12:59:29,259 - INFO -    ✅ 50 filas extraídas
2026-04-07 12:59:31,388 - INFO - 📄 Procesando página 2...
2026-04-07 12:59:35,987 - INFO -    ✅ 50 filas extraídas
2026-04-07 12:59:38,073 - INFO - 📄 Procesando página 3...
2026-04-07 12:59:42,718 - INFO -    ✅ 50 filas extraídas
2026-04-07 12:59:44,817 - INFO - 📄 Procesando página 4...
2026-04-07 12:59:46,780 - INFO -    ✅ 20 filas extraídas
2026-04-07 12:59:46,795 - INFO - 📌 Última página alcanzada.
2026-04-07 12:59:46,798 - INFO - 
🎉 Total de registros extraídos: 170
2026-04-07 12:59:46,798 - INFO - 
📊 Vista previa:
2026-04-07 12:59:46,811 - INFO - 
    ID         Código       Fecha   Especie   Variedad    LMC Dominante Macetas actuales Reagrupado         Estado
0  892  M02Q047LA5602  02-04-2026  Arándano  02Q047LA5  NO LMC ( 100% )              960         NO  En inventario
1  890  M02M039L20603  24-03-2026  Arándano  02M039L20  NO LMC ( 100% )           12.000         NO  En inventario
2  889  M02L008L11602  24-03-2026  Arándano  02L008L11  NO LMC ( 100% )              620         NO  En inventario
3  888  M02T105L03603  24-03-2026  Arándano  02T105L03  NO LMC ( 100% )              750         NO  En inventario
4  887  M02T083LA3601  24-03-2026  Arándano  02T083LA3  NO LMC ( 100% )            3.318         NO  En inventario
2026-04-07 12:59:46,987 - INFO - 💾 Datos guardados en 'C:\SYNERGIABIO\APP_MACRO\data\BioTecnos.xlsx'
2026-04-07 12:59:49,179 - INFO - 🚪 Driver cerrado.
2026-04-07 13:07:56,941 - INFO - 📅 Rango: 2025-08-07 → 2026-04-07 (8 meses atrás)
2026-04-07 13:07:56,944 - INFO - ====== WebDriver manager ======
2026-04-07 13:07:57,813 - INFO - Get LATEST chromedriver version for google-chrome
2026-04-07 13:07:58,037 - INFO - Get LATEST chromedriver version for google-chrome
2026-04-07 13:07:58,259 - INFO - Driver [C:\Users\bryan\.wdm\drivers\chromedriver\win64\146.0.7680.165\chromedriver-win32/chromedriver.exe] found in cache
2026-04-07 13:07:59,301 - INFO - ✅ Driver creado exitosamente.
2026-04-07 13:07:59,301 - INFO - 🔐 Iniciando sesión...
2026-04-07 13:08:00,563 - INFO - ✅ Sesión iniciada correctamente
2026-04-07 13:08:02,564 - INFO - 🌐 Navegando a: https://sisbiotecnos.cl/ex_vitro/lote_maceta/index?fecha_inicio=2025-08-07&fecha_termino=2026-04-07&especie=*&variedad=*&estado=2
2026-04-07 13:08:06,345 - INFO - 🔘 Haciendo clic en 'Aplicar filtros'...
2026-04-07 13:08:08,952 - INFO - 📄 Procesando página 1...
2026-04-07 13:08:16,141 - INFO -    ✅ 50 filas extraídas
2026-04-07 13:08:18,383 - INFO - 📄 Procesando página 2...
2026-04-07 13:08:25,345 - INFO -    ✅ 50 filas extraídas
2026-04-07 13:08:27,497 - INFO - 📄 Procesando página 3...
2026-04-07 13:08:34,544 - INFO -    ✅ 50 filas extraídas
2026-04-07 13:08:36,695 - INFO - 📄 Procesando página 4...
2026-04-07 13:08:39,783 - INFO -    ✅ 20 filas extraídas
2026-04-07 13:08:39,815 - INFO - 📌 Última página alcanzada.
2026-04-07 13:08:39,818 - INFO - 
🎉 Total de registros extraídos: 170
2026-04-07 13:08:39,818 - INFO - 
📊 Vista previa:
2026-04-07 13:08:39,828 - INFO - 
    ID         Código       Fecha   Especie   Variedad    LMC Dominante Macetas actuales Reagrupado         Estado
0  892  M02Q047LA5602  02-04-2026  Arándano  02Q047LA5  NO LMC ( 100% )              960         NO  En inventario
1  890  M02M039L20603  24-03-2026  Arándano  02M039L20  NO LMC ( 100% )           12.000         NO  En inventario
2  889  M02L008L11602  24-03-2026  Arándano  02L008L11  NO LMC ( 100% )              620         NO  En inventario
3  888  M02T105L03603  24-03-2026  Arándano  02T105L03  NO LMC ( 100% )              750         NO  En inventario
4  887  M02T083LA3601  24-03-2026  Arándano  02T083LA3  NO LMC ( 100% )            3.318         NO  En inventario
2026-04-07 13:08:40,017 - INFO - 💾 Datos guardados en 'C:\SYNERGIABIO\APP_MACRO\data\BioTecnos.xlsx'
2026-04-07 13:08:42,339 - INFO - 🚪 Driver cerrado.
2026-04-07 22:00:02,095 - INFO - 📅 Rango: 2025-08-07 → 2026-04-07 (8 meses atrás)
2026-04-07 22:00:02,101 - INFO - ====== WebDriver manager ======
2026-04-07 22:00:03,648 - INFO - Get LATEST chromedriver version for google-chrome
2026-04-07 22:00:05,520 - INFO - Get LATEST chromedriver version for google-chrome
2026-04-07 22:00:06,543 - INFO - Driver [C:\Users\bryan\.wdm\drivers\chromedriver\win64\146.0.7680.165\chromedriver-win32/chromedriver.exe] found in cache
2026-04-07 22:00:09,365 - INFO - ✅ Driver creado exitosamente.
2026-04-07 22:00:09,366 - INFO - 🔐 Iniciando sesión...
2026-04-07 22:00:12,031 - INFO - ✅ Sesión iniciada correctamente
2026-04-07 22:00:14,033 - INFO - 🌐 Navegando a: https://sisbiotecnos.cl/ex_vitro/lote_maceta/index?fecha_inicio=2025-08-07&fecha_termino=2026-04-07&especie=*&variedad=*&estado=2
2026-04-07 22:00:17,894 - INFO - 🔘 Haciendo clic en 'Aplicar filtros'...
2026-04-07 22:00:20,024 - INFO - 📄 Procesando página 1...
2026-04-07 22:00:29,650 - INFO -    ✅ 50 filas extraídas
2026-04-07 22:00:31,908 - INFO - 📄 Procesando página 2...
2026-04-07 22:00:41,415 - INFO -    ✅ 50 filas extraídas
2026-04-07 22:00:43,623 - INFO - 📄 Procesando página 3...
2026-04-07 22:00:53,146 - INFO -    ✅ 50 filas extraídas
2026-04-07 22:00:55,304 - INFO - 📄 Procesando página 4...
2026-04-07 22:00:59,102 - INFO -    ✅ 20 filas extraídas
2026-04-07 22:00:59,140 - INFO - 📌 Última página alcanzada.
2026-04-07 22:00:59,144 - INFO - 
🎉 Total de registros extraídos: 170
2026-04-07 22:00:59,144 - INFO - 
📊 Vista previa:
2026-04-07 22:00:59,160 - INFO - 
    ID         Código       Fecha   Especie   Variedad    LMC Dominante Macetas actuales Reagrupado         Estado
0  892  M02Q047LA5602  02-04-2026  Arándano  02Q047LA5  NO LMC ( 100% )              960         NO  En inventario
1  890  M02M039L20603  24-03-2026  Arándano  02M039L20  NO LMC ( 100% )           12.000         NO  En inventario
2  889  M02L008L11602  24-03-2026  Arándano  02L008L11  NO LMC ( 100% )              620         NO  En inventario
3  888  M02T105L03603  24-03-2026  Arándano  02T105L03  NO LMC ( 100% )              750         NO  En inventario
4  887  M02T083LA3601  24-03-2026  Arándano  02T083LA3  NO LMC ( 100% )            3.318         NO  En inventario
2026-04-07 22:00:59,440 - INFO - 💾 Datos guardados en 'C:\SYNERGIABIO\APP_MACRO\data\BioTecnos.xlsx'
2026-04-07 22:01:01,774 - INFO - 🚪 Driver cerrado.
2026-04-08 22:19:25,908 - INFO - 📅 Rango: 2025-08-08 → 2026-04-08 (8 meses atrás)
2026-04-08 22:19:25,917 - INFO - ====== WebDriver manager ======
2026-04-08 22:19:28,727 - INFO - Get LATEST chromedriver version for google-chrome
2026-04-08 22:19:29,825 - INFO - Get LATEST chromedriver version for google-chrome
2026-04-08 22:19:30,630 - INFO - Get LATEST chromedriver version for google-chrome
2026-04-08 22:19:32,440 - INFO - WebDriver version 146.0.7680.165 selected
2026-04-08 22:19:32,452 - INFO - Modern chrome version https://storage.googleapis.com/chrome-for-testing-public/146.0.7680.165/win32/chromedriver-win32.zip
2026-04-08 22:19:32,453 - INFO - About to download new driver from https://storage.googleapis.com/chrome-for-testing-public/146.0.7680.165/win32/chromedriver-win32.zip
2026-04-08 22:19:33,443 - INFO - Driver downloading response is 200
2026-04-08 22:19:34,993 - INFO - Get LATEST chromedriver version for google-chrome
2026-04-08 22:19:35,761 - INFO - Driver has been saved in cache [C:\Users\bryan\.wdm\drivers\chromedriver\win64\146.0.7680.165]
2026-04-08 22:19:39,682 - ERROR - Intento 1 falló: ('Connection aborted.', ConnectionResetError(10054, 'Se ha forzado la interrupción de una conexión existente por el host remoto', None, 10054, None))
2026-04-08 22:19:44,684 - INFO - ====== WebDriver manager ======
2026-04-08 22:19:45,706 - INFO - Get LATEST chromedriver version for google-chrome
2026-04-08 22:19:46,512 - INFO - Get LATEST chromedriver version for google-chrome
2026-04-08 22:19:47,404 - INFO - Driver [C:\Users\bryan\.wdm\drivers\chromedriver\win64\146.0.7680.165\chromedriver-win32/chromedriver.exe] found in cache
2026-04-08 22:19:49,038 - INFO - ✅ Driver creado exitosamente.
2026-04-08 22:19:49,039 - INFO - 🔐 Iniciando sesión...
2026-04-08 22:19:51,238 - INFO - ✅ Sesión iniciada correctamente
2026-04-08 22:19:53,239 - INFO - 🌐 Navegando a: https://sisbiotecnos.cl/ex_vitro/lote_maceta/index?fecha_inicio=2025-08-08&fecha_termino=2026-04-08&especie=*&variedad=*&estado=2
2026-04-08 22:19:57,349 - INFO - 🔘 Haciendo clic en 'Aplicar filtros'...
2026-04-08 22:20:05,789 - INFO - 📄 Procesando página 1...
2026-04-08 22:20:05,904 - INFO -    ✅ 1 filas extraídas
2026-04-08 22:20:05,961 - INFO - 📌 Última página alcanzada.
2026-04-08 22:20:05,963 - INFO - 
🎉 Total de registros extraídos: 1
2026-04-08 22:20:05,963 - INFO - 
📊 Vista previa:
2026-04-08 22:20:05,975 - INFO - 
            ID
0  Cargando...
2026-04-08 22:20:06,240 - INFO - 💾 Datos guardados en 'C:\SYNERGIABIO\APP_MACRO\data\BioTecnos.xlsx'
2026-04-08 22:20:08,538 - INFO - 🚪 Driver cerrado.
2026-04-09 06:52:04,144 - INFO - 📅 Rango: 2025-08-09 → 2026-04-09 (8 meses atrás)
2026-04-09 06:52:04,147 - INFO - ====== WebDriver manager ======
2026-04-09 06:52:05,611 - INFO - Get LATEST chromedriver version for google-chrome
2026-04-09 06:52:05,924 - INFO - Get LATEST chromedriver version for google-chrome
2026-04-09 06:52:06,186 - INFO - Get LATEST chromedriver version for google-chrome
2026-04-09 06:52:06,800 - INFO - WebDriver version 146.0.7680.165 selected
2026-04-09 06:52:06,804 - INFO - Modern chrome version https://storage.googleapis.com/chrome-for-testing-public/146.0.7680.165/win32/chromedriver-win32.zip
2026-04-09 06:52:06,804 - INFO - About to download new driver from https://storage.googleapis.com/chrome-for-testing-public/146.0.7680.165/win32/chromedriver-win32.zip
2026-04-09 06:52:07,048 - INFO - Driver downloading response is 200
2026-04-09 06:52:09,453 - INFO - Get LATEST chromedriver version for google-chrome
2026-04-09 06:52:09,871 - INFO - Driver has been saved in cache [C:\Users\bryan\.wdm\drivers\chromedriver\win64\146.0.7680.165]
2026-04-09 06:52:13,222 - INFO - ✅ Driver creado exitosamente.
2026-04-09 06:52:13,222 - INFO - 🔐 Iniciando sesión...
2026-04-09 06:52:15,520 - INFO - ✅ Sesión iniciada correctamente
2026-04-09 06:52:17,520 - INFO - 🌐 Navegando a: https://sisbiotecnos.cl/ex_vitro/lote_maceta/index?fecha_inicio=2025-08-09&fecha_termino=2026-04-09&especie=*&variedad=*&estado=2
2026-04-09 06:52:21,369 - INFO - 🔘 Haciendo clic en 'Aplicar filtros'...
2026-04-09 06:52:23,938 - INFO - 📄 Procesando página 1...
2026-04-09 06:52:28,378 - INFO -    ✅ 50 filas extraídas
2026-04-09 06:52:30,488 - INFO - 📄 Procesando página 2...
2026-04-09 06:52:35,705 - INFO -    ✅ 50 filas extraídas
2026-04-09 06:52:37,890 - INFO - 📄 Procesando página 3...
2026-04-09 06:52:46,016 - INFO -    ✅ 50 filas extraídas
2026-04-09 06:52:48,174 - INFO - 📄 Procesando página 4...
2026-04-09 06:52:51,361 - INFO -    ✅ 24 filas extraídas
2026-04-09 06:52:51,389 - INFO - 📌 Última página alcanzada.
2026-04-09 06:52:51,391 - INFO - 
🎉 Total de registros extraídos: 174
2026-04-09 06:52:51,392 - INFO - 
📊 Vista previa:
2026-04-09 06:52:51,405 - INFO - 
    ID         Código       Fecha   Especie   Variedad    LMC Dominante Macetas actuales Reagrupado         Estado
0  901  M02T118LB5601  06-04-2026  Arándano  02T118LB5  NO LMC ( 100% )               92         NO  En inventario
1  900  M02T114LA5602  06-04-2026  Arándano  02T114LA5  NO LMC ( 100% )              204         NO  En inventario
2  899  M02T113LA5601  06-04-2026  Arándano  02T113LA5  NO LMC ( 100% )               52         NO  En inventario
3  898  M02T119LA5601  06-04-2026  Arándano  02T119LA5  NO LMC ( 100% )               64         NO  En inventario
4  897  M02T118LA5601  06-04-2026  Arándano  02T118LA5  NO LMC ( 100% )               56         NO  En inventario
2026-04-09 06:52:51,671 - INFO - 💾 Datos guardados en 'C:\SYNERGIABIO\APP_MACRO\data\BioTecnos.xlsx'
2026-04-09 06:52:54,018 - INFO - 🚪 Driver cerrado.
2026-04-09 08:23:25,252 - INFO - 📅 Rango: 2025-08-09 → 2026-04-09 (8 meses atrás)
2026-04-09 08:23:25,255 - INFO - ====== WebDriver manager ======
2026-04-09 08:23:26,297 - INFO - Get LATEST chromedriver version for google-chrome
2026-04-09 08:23:26,586 - INFO - Get LATEST chromedriver version for google-chrome
2026-04-09 08:23:26,858 - INFO - Driver [C:\Users\bryan\.wdm\drivers\chromedriver\win64\146.0.7680.165\chromedriver-win32/chromedriver.exe] found in cache
2026-04-09 08:23:28,669 - INFO - ✅ Driver creado exitosamente.
2026-04-09 08:23:28,669 - INFO - 🔐 Iniciando sesión...
2026-04-09 08:23:30,234 - INFO - ✅ Sesión iniciada correctamente
2026-04-09 08:23:32,235 - INFO - 🌐 Navegando a: https://sisbiotecnos.cl/ex_vitro/lote_maceta/index?fecha_inicio=2025-08-09&fecha_termino=2026-04-09&especie=*&variedad=*&estado=2
2026-04-09 08:23:35,957 - INFO - 🔘 Haciendo clic en 'Aplicar filtros'...
2026-04-09 08:23:38,033 - INFO - 📄 Procesando página 1...
2026-04-09 08:23:40,885 - WARNING - Retrying (Retry(total=2, connect=None, read=None, redirect=None, status=None)) after connection broken by 'ConnectionResetError(10054, 'Se ha forzado la interrupción de una conexión existente por el host remoto', None, 10054, None)': /session/9f303ac501a841ea46ba774fa8736f6a/element/f.B4DE04F44932577B6EF753D1903B2947.d.5D79DFD79081D692257343A575769360.e.675/text
2026-04-09 22:00:07,195 - INFO - 📅 Rango: 2025-08-09 → 2026-04-09 (8 meses atrás)
2026-04-09 22:00:07,203 - INFO - ====== WebDriver manager ======
2026-04-09 22:00:08,195 - INFO - Get LATEST chromedriver version for google-chrome
2026-04-09 22:00:10,047 - INFO - Get LATEST chromedriver version for google-chrome
2026-04-09 22:00:10,749 - INFO - Driver [C:\Users\bryan\.wdm\drivers\chromedriver\win64\146.0.7680.165\chromedriver-win32/chromedriver.exe] found in cache
2026-04-09 22:00:13,462 - INFO - ✅ Driver creado exitosamente.
2026-04-09 22:00:13,463 - INFO - 🔐 Iniciando sesión...
2026-04-09 22:00:17,956 - INFO - ✅ Sesión iniciada correctamente
2026-04-09 22:00:19,957 - INFO - 🌐 Navegando a: https://sisbiotecnos.cl/ex_vitro/lote_maceta/index?fecha_inicio=2025-08-09&fecha_termino=2026-04-09&especie=*&variedad=*&estado=2
2026-04-09 22:00:23,930 - INFO - 🔘 Haciendo clic en 'Aplicar filtros'...
2026-04-09 22:00:30,141 - INFO - 📄 Procesando página 1...
2026-04-09 22:00:30,203 - INFO -    ✅ 1 filas extraídas
2026-04-09 22:00:30,235 - INFO - 📌 Última página alcanzada.
2026-04-09 22:00:30,237 - INFO - 
🎉 Total de registros extraídos: 1
2026-04-09 22:00:30,237 - INFO - 
📊 Vista previa:
2026-04-09 22:00:30,246 - INFO - 
            ID
0  Cargando...
2026-04-09 22:00:30,462 - INFO - 💾 Datos guardados en 'C:\SYNERGIABIO\APP_MACRO\data\BioTecnos.xlsx'
2026-04-09 22:00:32,715 - INFO - 🚪 Driver cerrado.
2026-04-09 22:53:29,401 - INFO - 📅 Rango: 2025-08-09 → 2026-04-09 (8 meses atrás)
2026-04-09 22:53:29,402 - INFO - ====== WebDriver manager ======
2026-04-09 22:53:30,215 - INFO - Get LATEST chromedriver version for google-chrome
2026-04-09 22:53:30,643 - INFO - Get LATEST chromedriver version for google-chrome
2026-04-09 22:53:30,907 - INFO - Driver [C:\Users\bryan\.wdm\drivers\chromedriver\win64\146.0.7680.165\chromedriver-win32/chromedriver.exe] found in cache
2026-04-09 22:53:32,006 - INFO - ✅ Driver creado exitosamente.
2026-04-09 22:53:32,006 - INFO - 🔐 Iniciando sesión...
2026-04-09 22:53:34,193 - INFO - ✅ Sesión iniciada correctamente
2026-04-09 22:53:36,193 - INFO - 🌐 Navegando a: https://sisbiotecnos.cl/ex_vitro/lote_maceta/index?fecha_inicio=2025-08-09&fecha_termino=2026-04-09&especie=*&variedad=*&estado=2
2026-04-09 22:53:39,907 - INFO - 🔘 Haciendo clic en 'Aplicar filtros'...
2026-04-09 22:53:42,727 - INFO - 📄 Procesando página 1...
2026-04-09 22:53:45,765 - INFO -    ✅ 50 filas extraídas
2026-04-09 22:53:47,854 - INFO - 📄 Procesando página 2...
2026-04-09 22:53:50,980 - INFO -    ✅ 50 filas extraídas
2026-04-09 22:53:53,045 - INFO - 📄 Procesando página 3...
2026-04-09 22:53:55,885 - INFO -    ✅ 50 filas extraídas
2026-04-09 22:53:57,943 - INFO - 📄 Procesando página 4...
2026-04-09 22:53:59,509 - INFO -    ✅ 25 filas extraídas
2026-04-09 22:53:59,521 - INFO - 📌 Última página alcanzada.
2026-04-09 22:53:59,522 - INFO - 
🎉 Total de registros extraídos: 175
2026-04-09 22:53:59,522 - INFO - 
📊 Vista previa:
2026-04-09 22:53:59,526 - INFO - 
    ID         Código       Fecha   Especie   Variedad    LMC Dominante Macetas actuales Reagrupado         Estado
0  901  M02T118LB5601  06-04-2026  Arándano  02T118LB5  NO LMC ( 100% )               92         NO  En inventario
1  900  M02T114LA5602  06-04-2026  Arándano  02T114LA5  NO LMC ( 100% )              204         NO  En inventario
2  899  M02T113LA5601  06-04-2026  Arándano  02T113LA5  NO LMC ( 100% )               52         NO  En inventario
3  898  M02T119LA5601  06-04-2026  Arándano  02T119LA5  NO LMC ( 100% )               64         NO  En inventario
4  897  M02T118LA5601  06-04-2026  Arándano  02T118LA5  NO LMC ( 100% )               56         NO  En inventario
2026-04-09 22:53:59,604 - INFO - 💾 Datos guardados en 'C:\SYNERGIABIO\APP_MACRO\data\BioTecnos.xlsx'
2026-04-09 22:54:01,726 - INFO - 🚪 Driver cerrado.
2026-04-09 22:56:56,264 - INFO - 📅 Rango: 2025-08-09 → 2026-04-09 (8 meses atrás)
2026-04-09 22:56:56,265 - INFO - ====== WebDriver manager ======
2026-04-09 22:56:57,185 - INFO - Get LATEST chromedriver version for google-chrome
2026-04-09 22:56:57,446 - INFO - Get LATEST chromedriver version for google-chrome
2026-04-09 22:56:57,687 - INFO - Driver [C:\Users\bryan\.wdm\drivers\chromedriver\win64\146.0.7680.165\chromedriver-win32/chromedriver.exe] found in cache
2026-04-09 22:56:58,701 - INFO - ✅ Driver creado exitosamente.
2026-04-09 22:56:58,701 - INFO - 🔐 Iniciando sesión...
2026-04-09 22:57:01,469 - INFO - ✅ Sesión iniciada correctamente
2026-04-09 22:57:03,469 - INFO - 🌐 Navegando a: https://sisbiotecnos.cl/ex_vitro/lote_maceta/index?fecha_inicio=2025-08-09&fecha_termino=2026-04-09&especie=*&variedad=*&estado=2
2026-04-09 22:57:07,077 - INFO - 🔘 Haciendo clic en 'Aplicar filtros'...
2026-04-09 22:57:09,752 - INFO - 📄 Procesando página 1...
2026-04-09 22:57:13,227 - INFO -    ✅ 50 filas extraídas
2026-04-09 22:57:15,315 - INFO - 📄 Procesando página 2...
2026-04-09 22:57:18,454 - INFO -    ✅ 50 filas extraídas
2026-04-09 22:57:20,521 - INFO - 📄 Procesando página 3...
2026-04-09 22:57:23,534 - INFO -    ✅ 50 filas extraídas
2026-04-09 22:57:25,593 - INFO - 📄 Procesando página 4...
2026-04-09 22:57:27,097 - INFO -    ✅ 25 filas extraídas
2026-04-09 22:57:27,115 - INFO - 📌 Última página alcanzada.
2026-04-09 22:57:27,116 - INFO - 
🎉 Total de registros extraídos: 175
2026-04-09 22:57:27,116 - INFO - 
📊 Vista previa:
2026-04-09 22:57:27,119 - INFO - 
    ID         Código       Fecha   Especie   Variedad    LMC Dominante Macetas actuales Reagrupado         Estado
0  901  M02T118LB5601  06-04-2026  Arándano  02T118LB5  NO LMC ( 100% )               92         NO  En inventario
1  900  M02T114LA5602  06-04-2026  Arándano  02T114LA5  NO LMC ( 100% )              204         NO  En inventario
2  899  M02T113LA5601  06-04-2026  Arándano  02T113LA5  NO LMC ( 100% )               52         NO  En inventario
3  898  M02T119LA5601  06-04-2026  Arándano  02T119LA5  NO LMC ( 100% )               64         NO  En inventario
4  897  M02T118LA5601  06-04-2026  Arándano  02T118LA5  NO LMC ( 100% )               56         NO  En inventario
2026-04-09 22:57:27,174 - INFO - 💾 Datos guardados en 'C:\SYNERGIABIO\APP_MACRO\data\BioTecnos.xlsx'
2026-04-09 22:57:29,299 - INFO - 🚪 Driver cerrado.
2026-04-10 00:05:06,463 - INFO - 📅 Rango: 2025-08-10 → 2026-04-10 (8 meses atrás)
2026-04-10 00:05:06,469 - INFO - ====== WebDriver manager ======
2026-04-10 00:05:08,215 - INFO - Get LATEST chromedriver version for google-chrome
2026-04-10 00:05:10,002 - INFO - Get LATEST chromedriver version for google-chrome
2026-04-10 00:05:11,758 - INFO - Get LATEST chromedriver version for google-chrome
2026-04-10 00:05:13,418 - INFO - WebDriver version 146.0.7680.165 selected
2026-04-10 00:05:13,428 - INFO - Modern chrome version https://storage.googleapis.com/chrome-for-testing-public/146.0.7680.165/win32/chromedriver-win32.zip
2026-04-10 00:05:13,428 - INFO - About to download new driver from https://storage.googleapis.com/chrome-for-testing-public/146.0.7680.165/win32/chromedriver-win32.zip
2026-04-10 00:05:14,148 - INFO - Driver downloading response is 200
2026-04-10 00:05:20,996 - INFO - Get LATEST chromedriver version for google-chrome
2026-04-10 00:05:21,999 - INFO - Driver has been saved in cache [C:\Users\bryan\.wdm\drivers\chromedriver\win64\146.0.7680.165]
2026-04-10 00:05:24,727 - INFO - ✅ Driver creado exitosamente.
2026-04-10 00:05:24,728 - INFO - 🔐 Iniciando sesión...
2026-04-10 00:05:27,248 - INFO - ✅ Sesión iniciada correctamente
2026-04-10 00:05:29,249 - INFO - 🌐 Navegando a: https://sisbiotecnos.cl/ex_vitro/lote_maceta/index?fecha_inicio=2025-08-10&fecha_termino=2026-04-10&especie=*&variedad=*&estado=2
2026-04-10 00:05:33,116 - INFO - 🔘 Haciendo clic en 'Aplicar filtros'...
2026-04-10 00:05:36,552 - INFO - 📄 Procesando página 1...
2026-04-10 00:05:36,615 - INFO -    ✅ 1 filas extraídas
2026-04-10 00:05:36,656 - INFO - 📌 Última página alcanzada.
2026-04-10 00:05:36,657 - INFO - 
🎉 Total de registros extraídos: 1
2026-04-10 00:05:36,658 - INFO - 
📊 Vista previa:
2026-04-10 00:05:36,665 - INFO - 
            ID
0  Cargando...
2026-04-10 00:05:36,816 - INFO - 💾 Datos guardados en 'C:\SYNERGIABIO\APP_MACRO\data\BioTecnos.xlsx'
2026-04-10 00:05:39,106 - INFO - 🚪 Driver cerrado.
2026-04-10 00:23:04,479 - INFO - 📅 Rango: 2025-08-10 → 2026-04-10 (8 meses atrás)
2026-04-10 00:23:04,482 - INFO - ====== WebDriver manager ======
2026-04-10 00:23:05,390 - INFO - Get LATEST chromedriver version for google-chrome
2026-04-10 00:23:05,695 - INFO - Get LATEST chromedriver version for google-chrome
2026-04-10 00:23:05,969 - INFO - Driver [C:\Users\bryan\.wdm\drivers\chromedriver\win64\146.0.7680.165\chromedriver-win32/chromedriver.exe] found in cache
2026-04-10 00:23:07,200 - INFO - ✅ Driver creado exitosamente.
2026-04-10 00:23:07,200 - INFO - 🔐 Iniciando sesión...
2026-04-10 00:23:12,246 - WARNING - Retrying (Retry(total=2, connect=None, read=None, redirect=None, status=None)) after connection broken by 'NewConnectionError("HTTPConnection(host='localhost', port=63302): Failed to establish a new connection: [WinError 10061] No se puede establecer una conexión ya que el equipo de destino denegó expresamente dicha conexión")': /session/f887dc44eaea2a889335d850ae3c0bbd
2026-04-10 00:23:16,303 - WARNING - Retrying (Retry(total=1, connect=None, read=None, redirect=None, status=None)) after connection broken by 'NewConnectionError("HTTPConnection(host='localhost', port=63302): Failed to establish a new connection: [WinError 10061] No se puede establecer una conexión ya que el equipo de destino denegó expresamente dicha conexión")': /session/f887dc44eaea2a889335d850ae3c0bbd
2026-04-10 00:23:20,363 - WARNING - Retrying (Retry(total=0, connect=None, read=None, redirect=None, status=None)) after connection broken by 'NewConnectionError("HTTPConnection(host='localhost', port=63302): Failed to establish a new connection: [WinError 10061] No se puede establecer una conexión ya que el equipo de destino denegó expresamente dicha conexión")': /session/f887dc44eaea2a889335d850ae3c0bbd
2026-04-10 00:23:24,429 - INFO - 🚪 Driver cerrado.
2026-04-10 00:27:08,302 - INFO - 📅 Rango: 2025-08-10 → 2026-04-10 (8 meses atrás)
2026-04-10 00:27:08,306 - INFO - ====== WebDriver manager ======
2026-04-10 00:27:09,146 - INFO - Get LATEST chromedriver version for google-chrome
2026-04-10 00:27:09,503 - INFO - Get LATEST chromedriver version for google-chrome
2026-04-10 00:27:09,740 - INFO - Driver [C:\Users\bryan\.wdm\drivers\chromedriver\win64\146.0.7680.165\chromedriver-win32/chromedriver.exe] found in cache
2026-04-10 00:27:10,831 - INFO - ✅ Driver creado exitosamente.
2026-04-10 00:27:10,831 - INFO - 🔐 Iniciando sesión...
2026-04-10 00:27:12,632 - INFO - ✅ Sesión iniciada correctamente
2026-04-10 00:27:14,632 - INFO - 🌐 Navegando a: https://sisbiotecnos.cl/ex_vitro/lote_maceta/index?fecha_inicio=2025-08-10&fecha_termino=2026-04-10&especie=*&variedad=*&estado=2
2026-04-10 00:27:18,258 - INFO - 🔘 Haciendo clic en 'Aplicar filtros'...
2026-04-10 00:27:20,903 - INFO - 📄 Procesando página 1...
2026-04-10 00:27:24,553 - WARNING - Retrying (Retry(total=2, connect=None, read=None, redirect=None, status=None)) after connection broken by 'ConnectionResetError(10054, 'Se ha forzado la interrupción de una conexión existente por el host remoto', None, 10054, None)': /session/3fc8b6a1527a69722d82578328b53153/element/f.026AD0252433731703718DA53B8058F6.d.09C5CC2B93B76202442F87CFA2375C8F.e.761/text
2026-04-10 00:32:08,121 - INFO - 📅 Rango: 2025-08-10 → 2026-04-10 (8 meses atrás)
2026-04-10 00:32:08,125 - INFO - ====== WebDriver manager ======
2026-04-10 00:32:09,044 - INFO - Get LATEST chromedriver version for google-chrome
2026-04-10 00:32:09,430 - INFO - Get LATEST chromedriver version for google-chrome
2026-04-10 00:32:09,684 - INFO - Driver [C:\Users\bryan\.wdm\drivers\chromedriver\win64\146.0.7680.165\chromedriver-win32/chromedriver.exe] found in cache
2026-04-10 00:32:10,750 - INFO - ✅ Driver creado exitosamente.
2026-04-10 00:32:10,751 - INFO - 🔐 Iniciando sesión...
2026-04-10 00:32:12,516 - INFO - ✅ Sesión iniciada correctamente
2026-04-10 00:32:14,517 - INFO - 🌐 Navegando a: https://sisbiotecnos.cl/ex_vitro/lote_maceta/index?fecha_inicio=2025-08-10&fecha_termino=2026-04-10&especie=*&variedad=*&estado=2
2026-04-10 00:32:18,234 - INFO - 🔘 Haciendo clic en 'Aplicar filtros'...
2026-04-10 00:32:20,823 - INFO - 📄 Procesando página 1...
2026-04-10 00:32:25,826 - INFO -    ✅ 50 filas extraídas
2026-04-10 00:32:27,919 - INFO - 📄 Procesando página 2...
2026-04-10 00:32:31,613 - INFO -    ✅ 50 filas extraídas
2026-04-10 00:32:33,689 - INFO - 📄 Procesando página 3...
2026-04-10 00:32:37,347 - INFO -    ✅ 50 filas extraídas
2026-04-10 00:32:39,414 - INFO - 📄 Procesando página 4...
2026-04-10 00:32:41,265 - INFO -    ✅ 25 filas extraídas
2026-04-10 00:32:41,280 - INFO - 📌 Última página alcanzada.
2026-04-10 00:32:41,281 - INFO - 
🎉 Total de registros extraídos: 175
2026-04-10 00:32:41,282 - INFO - 
📊 Vista previa:
2026-04-10 00:32:41,285 - INFO - 
    ID         Código       Fecha   Especie   Variedad    LMC Dominante Macetas actuales Reagrupado         Estado
0  901  M02T118LB5601  06-04-2026  Arándano  02T118LB5  NO LMC ( 100% )               92         NO  En inventario
1  900  M02T114LA5602  06-04-2026  Arándano  02T114LA5  NO LMC ( 100% )              204         NO  En inventario
2  899  M02T113LA5601  06-04-2026  Arándano  02T113LA5  NO LMC ( 100% )               52         NO  En inventario
3  898  M02T119LA5601  06-04-2026  Arándano  02T119LA5  NO LMC ( 100% )               64         NO  En inventario
4  897  M02T118LA5601  06-04-2026  Arándano  02T118LA5  NO LMC ( 100% )               56         NO  En inventario
2026-04-10 00:32:41,374 - INFO - 💾 Datos guardados en 'C:\SYNERGIABIO\APP_MACRO\data\BioTecnos.xlsx'
2026-04-10 00:32:43,529 - INFO - 🚪 Driver cerrado.
2026-04-10 00:34:00,948 - INFO - 📅 Rango: 2025-08-10 → 2026-04-10 (8 meses atrás)
2026-04-10 00:34:00,949 - INFO - ====== WebDriver manager ======
2026-04-10 00:34:02,084 - INFO - Get LATEST chromedriver version for google-chrome
2026-04-10 00:34:02,365 - INFO - Get LATEST chromedriver version for google-chrome
2026-04-10 00:34:02,642 - INFO - Driver [C:\Users\bryan\.wdm\drivers\chromedriver\win64\146.0.7680.165\chromedriver-win32/chromedriver.exe] found in cache
2026-04-10 00:34:03,732 - INFO - ✅ Driver creado exitosamente.
2026-04-10 00:34:03,732 - INFO - 🔐 Iniciando sesión...
2026-04-10 00:34:05,372 - INFO - ✅ Sesión iniciada correctamente
2026-04-10 00:34:07,373 - INFO - 🌐 Navegando a: https://sisbiotecnos.cl/ex_vitro/lote_maceta/index?fecha_inicio=2025-08-10&fecha_termino=2026-04-10&especie=*&variedad=*&estado=2
2026-04-10 00:34:10,980 - INFO - 🔘 Haciendo clic en 'Aplicar filtros'...
2026-04-10 00:34:13,525 - INFO - 📄 Procesando página 1...
2026-04-10 00:34:14,198 - WARNING - Retrying (Retry(total=2, connect=None, read=None, redirect=None, status=None)) after connection broken by 'ConnectionResetError(10054, 'Se ha forzado la interrupción de una conexión existente por el host remoto', None, 10054, None)': /session/5bc51636f06ba8352e50c18af4799564/element/f.FC90D5E70CCF2BCC589A391BE74BFFB0.d.9AC7738D7B27EC6593237F438A2D8CD0.e.290/text
2026-04-10 00:45:01,824 - INFO - 📅 Rango: 2025-08-10 → 2026-04-10 (8 meses atrás)
2026-04-10 00:45:01,826 - INFO - ====== WebDriver manager ======
2026-04-10 00:45:02,652 - INFO - Get LATEST chromedriver version for google-chrome
2026-04-10 00:45:02,909 - INFO - Get LATEST chromedriver version for google-chrome
2026-04-10 00:45:03,149 - INFO - Driver [C:\Users\bryan\.wdm\drivers\chromedriver\win64\146.0.7680.165\chromedriver-win32/chromedriver.exe] found in cache
2026-04-10 00:45:04,237 - INFO - ✅ Driver creado exitosamente.
2026-04-10 00:45:04,237 - INFO - 🔐 Iniciando sesión...
2026-04-10 00:45:05,748 - INFO - ✅ Sesión iniciada correctamente
2026-04-10 00:45:07,749 - INFO - 🌐 Navegando a: https://sisbiotecnos.cl/ex_vitro/lote_maceta/index?fecha_inicio=2025-08-10&fecha_termino=2026-04-10&especie=*&variedad=*&estado=2
2026-04-10 00:45:11,579 - INFO - 🔘 Haciendo clic en 'Aplicar filtros'...
2026-04-10 00:45:14,370 - INFO - 📄 Procesando página 1...
2026-04-10 00:45:21,769 - INFO -    ✅ 50 filas extraídas
2026-04-10 00:45:23,953 - INFO - 📄 Procesando página 2...
2026-04-10 00:45:30,846 - INFO -    ✅ 50 filas extraídas
2026-04-10 00:45:33,033 - INFO - 📄 Procesando página 3...
2026-04-10 00:45:39,988 - INFO -    ✅ 50 filas extraídas
2026-04-10 00:45:42,126 - INFO - 📄 Procesando página 4...
2026-04-10 00:45:45,596 - INFO -    ✅ 25 filas extraídas
2026-04-10 00:45:45,629 - INFO - 📌 Última página alcanzada.
2026-04-10 00:45:45,631 - INFO - 
🎉 Total de registros extraídos: 175
2026-04-10 00:45:45,632 - INFO - 
📊 Vista previa:
2026-04-10 00:45:45,652 - INFO - 
    ID         Código       Fecha   Especie   Variedad    LMC Dominante Macetas actuales Reagrupado         Estado
0  901  M02T118LB5601  06-04-2026  Arándano  02T118LB5  NO LMC ( 100% )               92         NO  En inventario
1  900  M02T114LA5602  06-04-2026  Arándano  02T114LA5  NO LMC ( 100% )              204         NO  En inventario
2  899  M02T113LA5601  06-04-2026  Arándano  02T113LA5  NO LMC ( 100% )               52         NO  En inventario
3  898  M02T119LA5601  06-04-2026  Arándano  02T119LA5  NO LMC ( 100% )               64         NO  En inventario
4  897  M02T118LA5601  06-04-2026  Arándano  02T118LA5  NO LMC ( 100% )               56         NO  En inventario
2026-04-10 00:45:45,865 - INFO - 💾 Datos guardados en 'C:\SYNERGIABIO\APP_MACRO\data\BioTecnos.xlsx'
2026-04-10 00:45:48,161 - INFO - 🚪 Driver cerrado.
2026-04-10 03:47:31,050 - INFO - 📅 Rango: 2025-08-10 → 2026-04-10 (8 meses atrás)
2026-04-10 03:47:31,055 - INFO - ====== WebDriver manager ======
2026-04-10 03:47:32,617 - INFO - Get LATEST chromedriver version for google-chrome
2026-04-10 03:47:33,356 - INFO - Get LATEST chromedriver version for google-chrome
2026-04-10 03:47:33,996 - INFO - Driver [C:\Users\bryan\.wdm\drivers\chromedriver\win64\146.0.7680.165\chromedriver-win32/chromedriver.exe] found in cache
2026-04-10 03:47:37,855 - INFO - ✅ Driver creado exitosamente.
2026-04-10 03:47:37,855 - INFO - 🔐 Iniciando sesión...
2026-04-10 03:47:42,358 - INFO - ✅ Sesión iniciada correctamente
2026-04-10 03:47:44,359 - INFO - 🌐 Navegando a: https://sisbiotecnos.cl/ex_vitro/lote_maceta/index?fecha_inicio=2025-08-10&fecha_termino=2026-04-10&especie=*&variedad=*&estado=2
2026-04-10 03:47:48,286 - INFO - 🔘 Haciendo clic en 'Aplicar filtros'...
2026-04-10 03:47:51,078 - INFO - 📄 Procesando página 1...
2026-04-10 03:47:58,479 - INFO -    ✅ 50 filas extraídas
2026-04-10 03:48:00,679 - INFO - 📄 Procesando página 2...
2026-04-10 03:48:07,879 - INFO -    ✅ 50 filas extraídas
2026-04-10 03:48:10,036 - INFO - 📄 Procesando página 3...
2026-04-10 03:48:17,271 - INFO -    ✅ 50 filas extraídas
2026-04-10 03:48:19,441 - INFO - 📄 Procesando página 4...
2026-04-10 03:48:23,054 - INFO -    ✅ 25 filas extraídas
2026-04-10 03:48:23,090 - INFO - 📌 Última página alcanzada.
2026-04-10 03:48:23,093 - INFO - 
🎉 Total de registros extraídos: 175
2026-04-10 03:48:23,093 - INFO - 
📊 Vista previa:
2026-04-10 03:48:23,108 - INFO - 
    ID         Código       Fecha   Especie   Variedad    LMC Dominante Macetas actuales Reagrupado         Estado
0  901  M02T118LB5601  06-04-2026  Arándano  02T118LB5  NO LMC ( 100% )               92         NO  En inventario
1  900  M02T114LA5602  06-04-2026  Arándano  02T114LA5  NO LMC ( 100% )              204         NO  En inventario
2  899  M02T113LA5601  06-04-2026  Arándano  02T113LA5  NO LMC ( 100% )               52         NO  En inventario
3  898  M02T119LA5601  06-04-2026  Arándano  02T119LA5  NO LMC ( 100% )               64         NO  En inventario
4  897  M02T118LA5601  06-04-2026  Arándano  02T118LA5  NO LMC ( 100% )               56         NO  En inventario
2026-04-10 03:48:23,401 - INFO - 💾 Datos guardados en 'C:\SYNERGIABIO\APP_MACRO\data\BioTecnos.xlsx'
2026-04-10 03:48:25,691 - INFO - 🚪 Driver cerrado.
2026-04-13 00:45:07,436 - INFO - 📅 Rango: 2025-08-13 → 2026-04-13 (8 meses atrás)
2026-04-13 00:45:07,446 - INFO - ====== WebDriver manager ======
2026-04-13 00:45:09,460 - INFO - Get LATEST chromedriver version for google-chrome
2026-04-13 00:45:10,269 - INFO - Get LATEST chromedriver version for google-chrome
2026-04-13 00:45:10,999 - INFO - Get LATEST chromedriver version for google-chrome
2026-04-13 00:45:12,657 - INFO - WebDriver version 146.0.7680.165 selected
2026-04-13 00:45:12,668 - INFO - Modern chrome version https://storage.googleapis.com/chrome-for-testing-public/146.0.7680.165/win32/chromedriver-win32.zip
2026-04-13 00:45:12,669 - INFO - About to download new driver from https://storage.googleapis.com/chrome-for-testing-public/146.0.7680.165/win32/chromedriver-win32.zip
2026-04-13 00:45:13,416 - INFO - Driver downloading response is 200
2026-04-13 00:45:17,652 - INFO - Get LATEST chromedriver version for google-chrome
2026-04-13 00:45:18,574 - INFO - Driver has been saved in cache [C:\Users\bryan\.wdm\drivers\chromedriver\win64\146.0.7680.165]
2026-04-13 00:45:22,599 - INFO - ✅ Driver creado exitosamente.
2026-04-13 00:45:22,600 - INFO - 🔐 Iniciando sesión...
2026-04-13 00:45:24,494 - INFO - ✅ Sesión iniciada correctamente
2026-04-13 00:45:26,495 - INFO - 🌐 Navegando a: https://sisbiotecnos.cl/ex_vitro/lote_maceta/index?fecha_inicio=2025-08-13&fecha_termino=2026-04-13&especie=*&variedad=*&estado=2
2026-04-13 00:45:30,467 - INFO - 🔘 Haciendo clic en 'Aplicar filtros'...
2026-04-13 00:45:33,209 - INFO - 📄 Procesando página 1...
2026-04-13 00:45:40,346 - INFO -    ✅ 50 filas extraídas
2026-04-13 00:45:42,557 - INFO - 📄 Procesando página 2...
2026-04-13 00:45:49,617 - INFO -    ✅ 50 filas extraídas
2026-04-13 00:45:51,768 - INFO - 📄 Procesando página 3...
2026-04-13 00:45:58,481 - INFO -    ✅ 50 filas extraídas
2026-04-13 00:46:00,612 - INFO - 📄 Procesando página 4...
2026-04-13 00:46:04,311 - INFO -    ✅ 27 filas extraídas
2026-04-13 00:46:04,338 - INFO - 📌 Última página alcanzada.
2026-04-13 00:46:04,340 - INFO - 
🎉 Total de registros extraídos: 177
2026-04-13 00:46:04,341 - INFO - 
📊 Vista previa:
2026-04-13 00:46:04,356 - INFO - 
    ID         Código       Fecha   Especie   Variedad    LMC Dominante Macetas actuales Reagrupado         Estado
0  901  M02T118LB5601  06-04-2026  Arándano  02T118LB5  NO LMC ( 100% )               92         NO  En inventario
1  900  M02T114LA5602  06-04-2026  Arándano  02T114LA5  NO LMC ( 100% )              204         NO  En inventario
2  899  M02T113LA5601  06-04-2026  Arándano  02T113LA5  NO LMC ( 100% )               52         NO  En inventario
3  898  M02T119LA5601  06-04-2026  Arándano  02T119LA5  NO LMC ( 100% )               64         NO  En inventario
4  897  M02T118LA5601  06-04-2026  Arándano  02T118LA5  NO LMC ( 100% )               56         NO  En inventario
2026-04-13 00:46:04,654 - INFO - 💾 Datos guardados en 'C:\SYNERGIABIO\APP_MACRO\data\BioTecnos.xlsx'
2026-04-13 00:46:06,977 - INFO - 🚪 Driver cerrado.
2026-04-14 00:45:07,480 - INFO - 📅 Rango: 2025-08-14 → 2026-04-14 (8 meses atrás)
2026-04-14 00:45:07,490 - INFO - ====== WebDriver manager ======
2026-04-14 00:45:08,690 - INFO - Get LATEST chromedriver version for google-chrome
2026-04-14 00:45:09,500 - INFO - Get LATEST chromedriver version for google-chrome
2026-04-14 00:45:11,122 - INFO - Get LATEST chromedriver version for google-chrome
2026-04-14 00:45:12,813 - INFO - WebDriver version 146.0.7680.165 selected
2026-04-14 00:45:12,825 - INFO - Modern chrome version https://storage.googleapis.com/chrome-for-testing-public/146.0.7680.165/win32/chromedriver-win32.zip
2026-04-14 00:45:12,825 - INFO - About to download new driver from https://storage.googleapis.com/chrome-for-testing-public/146.0.7680.165/win32/chromedriver-win32.zip
2026-04-14 00:45:13,545 - INFO - Driver downloading response is 200
2026-04-14 00:45:24,946 - INFO - Get LATEST chromedriver version for google-chrome
2026-04-14 00:45:25,893 - INFO - Driver has been saved in cache [C:\Users\bryan\.wdm\drivers\chromedriver\win64\146.0.7680.165]
2026-04-14 00:45:28,962 - INFO - ✅ Driver creado exitosamente.
2026-04-14 00:45:28,963 - INFO - 🔐 Iniciando sesión...
2026-04-14 00:45:34,598 - INFO - ✅ Sesión iniciada correctamente
2026-04-14 00:45:36,599 - INFO - 🌐 Navegando a: https://sisbiotecnos.cl/ex_vitro/lote_maceta/index?fecha_inicio=2025-08-14&fecha_termino=2026-04-14&especie=*&variedad=*&estado=2
2026-04-14 00:45:40,684 - INFO - 🔘 Haciendo clic en 'Aplicar filtros'...
2026-04-14 00:45:43,478 - INFO - 📄 Procesando página 1...
2026-04-14 00:45:43,563 - INFO -    ✅ 1 filas extraídas
2026-04-14 00:45:43,601 - INFO - 📌 Última página alcanzada.
2026-04-14 00:45:43,602 - INFO - 
🎉 Total de registros extraídos: 1
2026-04-14 00:45:43,602 - INFO - 
📊 Vista previa:
2026-04-14 00:45:43,617 - INFO - 
            ID
0  Cargando...
2026-04-14 00:45:43,936 - INFO - 💾 Datos guardados en 'C:\SYNERGIABIO\APP_MACRO\data\BioTecnos.xlsx'
2026-04-14 00:45:46,262 - INFO - 🚪 Driver cerrado.
2026-04-14 01:18:07,773 - INFO - 📅 Rango: 2025-08-14 → 2026-04-14 (8 meses atrás)
2026-04-14 01:18:07,776 - INFO - ====== WebDriver manager ======
2026-04-14 01:18:09,467 - INFO - Get LATEST chromedriver version for google-chrome
2026-04-14 01:18:10,302 - INFO - Get LATEST chromedriver version for google-chrome
2026-04-14 01:18:11,003 - INFO - There is no [win64] chromedriver "147.0.7727.56" for browser google-chrome "147.0.7727" in cache
2026-04-14 01:18:11,003 - INFO - Get LATEST chromedriver version for google-chrome
2026-04-14 01:18:12,590 - INFO - WebDriver version 147.0.7727.56 selected
2026-04-14 01:18:12,601 - INFO - Modern chrome version https://storage.googleapis.com/chrome-for-testing-public/147.0.7727.56/win32/chromedriver-win32.zip
2026-04-14 01:18:12,601 - INFO - About to download new driver from https://storage.googleapis.com/chrome-for-testing-public/147.0.7727.56/win32/chromedriver-win32.zip
2026-04-14 01:18:13,231 - INFO - Driver downloading response is 200
2026-04-14 01:18:18,562 - INFO - Get LATEST chromedriver version for google-chrome
2026-04-14 01:18:19,536 - INFO - Driver has been saved in cache [C:\Users\bryan\.wdm\drivers\chromedriver\win64\147.0.7727.56]
2026-04-14 01:18:22,223 - INFO - ✅ Driver creado exitosamente.
2026-04-14 01:18:22,224 - INFO - 🔐 Iniciando sesión...
2026-04-14 01:18:25,372 - INFO - ✅ Sesión iniciada correctamente
2026-04-14 01:18:27,373 - INFO - 🌐 Navegando a: https://sisbiotecnos.cl/ex_vitro/lote_maceta/index?fecha_inicio=2025-08-14&fecha_termino=2026-04-14&especie=*&variedad=*&estado=2
2026-04-14 01:18:31,310 - INFO - 🔘 Haciendo clic en 'Aplicar filtros'...
2026-04-14 01:18:34,029 - INFO - 📄 Procesando página 1...
2026-04-14 01:18:42,049 - INFO -    ✅ 50 filas extraídas
2026-04-14 01:18:44,279 - INFO - 📄 Procesando página 2...
2026-04-14 01:18:52,419 - INFO -    ✅ 50 filas extraídas
2026-04-14 01:18:54,567 - INFO - 📄 Procesando página 3...
2026-04-14 01:19:02,554 - INFO -    ✅ 50 filas extraídas
2026-04-14 01:19:04,698 - INFO - 📄 Procesando página 4...
2026-04-14 01:19:08,836 - INFO -    ✅ 27 filas extraídas
2026-04-14 01:19:08,873 - INFO - 📌 Última página alcanzada.
2026-04-14 01:19:08,875 - INFO - 
🎉 Total de registros extraídos: 177
2026-04-14 01:19:08,876 - INFO - 
📊 Vista previa:
2026-04-14 01:19:08,888 - INFO - 
    ID         Código       Fecha   Especie   Variedad    LMC Dominante Macetas actuales Reagrupado         Estado
0  901  M02T118LB5601  06-04-2026  Arándano  02T118LB5  NO LMC ( 100% )               92         NO  En inventario
1  900  M02T114LA5602  06-04-2026  Arándano  02T114LA5  NO LMC ( 100% )              204         NO  En inventario
2  899  M02T113LA5601  06-04-2026  Arándano  02T113LA5  NO LMC ( 100% )               52         NO  En inventario
3  898  M02T119LA5601  06-04-2026  Arándano  02T119LA5  NO LMC ( 100% )               64         NO  En inventario
4  897  M02T118LA5601  06-04-2026  Arándano  02T118LA5  NO LMC ( 100% )               56         NO  En inventario
2026-04-14 01:19:09,147 - INFO - 💾 Datos guardados en 'C:\SYNERGIABIO\APP_MACRO\data\BioTecnos.xlsx'
2026-04-14 01:19:11,505 - INFO - 🚪 Driver cerrado.
2026-04-15 00:45:09,036 - INFO - 📅 Rango: 2025-08-15 → 2026-04-15 (8 meses atrás)
2026-04-15 00:45:09,050 - INFO - ====== WebDriver manager ======
2026-04-15 00:45:10,142 - INFO - Get LATEST chromedriver version for google-chrome
2026-04-15 00:45:11,108 - INFO - Get LATEST chromedriver version for google-chrome
2026-04-15 00:45:11,904 - INFO - Get LATEST chromedriver version for google-chrome
2026-04-15 00:45:13,925 - INFO - WebDriver version 147.0.7727.56 selected
2026-04-15 00:45:13,935 - INFO - Modern chrome version https://storage.googleapis.com/chrome-for-testing-public/147.0.7727.56/win32/chromedriver-win32.zip
2026-04-15 00:45:13,936 - INFO - About to download new driver from https://storage.googleapis.com/chrome-for-testing-public/147.0.7727.56/win32/chromedriver-win32.zip
2026-04-15 00:45:14,641 - INFO - Driver downloading response is 200
2026-04-15 00:45:19,874 - INFO - Get LATEST chromedriver version for google-chrome
2026-04-15 00:45:20,799 - INFO - Driver has been saved in cache [C:\Users\bryan\.wdm\drivers\chromedriver\win64\147.0.7727.56]
2026-04-15 00:45:23,378 - INFO - ✅ Driver creado exitosamente.
2026-04-15 00:45:23,378 - INFO - 🔐 Iniciando sesión...
2026-04-15 00:45:25,320 - INFO - ✅ Sesión iniciada correctamente
2026-04-15 00:45:27,321 - INFO - 🌐 Navegando a: https://sisbiotecnos.cl/ex_vitro/lote_maceta/index?fecha_inicio=2025-08-15&fecha_termino=2026-04-15&especie=*&variedad=*&estado=2
2026-04-15 00:45:31,185 - INFO - 🔘 Haciendo clic en 'Aplicar filtros'...
2026-04-15 00:45:33,971 - INFO - 📄 Procesando página 1...
2026-04-15 00:45:41,081 - INFO -    ✅ 50 filas extraídas
2026-04-15 00:45:43,264 - INFO - 📄 Procesando página 2...
2026-04-15 00:45:50,292 - INFO -    ✅ 50 filas extraídas
2026-04-15 00:45:52,449 - INFO - 📄 Procesando página 3...
2026-04-15 00:45:59,391 - INFO -    ✅ 50 filas extraídas
2026-04-15 00:46:01,537 - INFO - 📄 Procesando página 4...
2026-04-15 00:46:05,717 - INFO -    ✅ 30 filas extraídas
2026-04-15 00:46:05,747 - INFO - 📌 Última página alcanzada.
2026-04-15 00:46:05,750 - INFO - 
🎉 Total de registros extraídos: 180
2026-04-15 00:46:05,750 - INFO - 
📊 Vista previa:
2026-04-15 00:46:05,787 - INFO - 
    ID         Código       Fecha   Especie   Variedad    LMC Dominante Macetas actuales Reagrupado         Estado
0  904  M02N042LB5601  10-04-2026  Arándano  02N042LB5  NO LMC ( 100% )              656         NO  En inventario
1  903  M02N042LA5601  10-04-2026  Arándano  02N042LA5  NO LMC ( 100% )              848         NO  En inventario
2  902  M02N042LC5601  09-04-2026  Arándano  02N042LC5  NO LMC ( 100% )            2.168         NO  En inventario
3  901  M02T118LB5601  06-04-2026  Arándano  02T118LB5  NO LMC ( 100% )               92         NO  En inventario
4  900  M02T114LA5602  06-04-2026  Arándano  02T114LA5  NO LMC ( 100% )              204         NO  En inventario
2026-04-15 00:46:06,162 - INFO - 💾 Datos guardados en 'C:\SYNERGIABIO\APP_MACRO\data\BioTecnos.xlsx'
2026-04-15 00:46:08,477 - INFO - 🚪 Driver cerrado.
2026-04-16 00:45:06,335 - INFO - 📅 Rango: 2025-08-16 → 2026-04-16 (8 meses atrás)
2026-04-16 00:45:06,341 - INFO - ====== WebDriver manager ======
2026-04-16 00:45:09,240 - INFO - Get LATEST chromedriver version for google-chrome
2026-04-16 00:45:10,039 - INFO - Get LATEST chromedriver version for google-chrome
2026-04-16 00:45:10,716 - INFO - There is no [win64] chromedriver "147.0.7727.57" for browser google-chrome "147.0.7727" in cache
2026-04-16 00:45:10,717 - INFO - Get LATEST chromedriver version for google-chrome
2026-04-16 00:45:12,165 - INFO - WebDriver version 147.0.7727.57 selected
2026-04-16 00:45:12,175 - INFO - Modern chrome version https://storage.googleapis.com/chrome-for-testing-public/147.0.7727.57/win32/chromedriver-win32.zip
2026-04-16 00:45:12,175 - INFO - About to download new driver from https://storage.googleapis.com/chrome-for-testing-public/147.0.7727.57/win32/chromedriver-win32.zip
2026-04-16 00:45:12,902 - INFO - Driver downloading response is 200
2026-04-16 00:45:21,487 - INFO - Get LATEST chromedriver version for google-chrome
2026-04-16 00:45:22,399 - INFO - Driver has been saved in cache [C:\Users\bryan\.wdm\drivers\chromedriver\win64\147.0.7727.57]
2026-04-16 00:45:25,718 - INFO - ✅ Driver creado exitosamente.
2026-04-16 00:45:25,718 - INFO - 🔐 Iniciando sesión...
2026-04-16 00:45:27,411 - INFO - ✅ Sesión iniciada correctamente
2026-04-16 00:45:29,412 - INFO - 🌐 Navegando a: https://sisbiotecnos.cl/ex_vitro/lote_maceta/index?fecha_inicio=2025-08-16&fecha_termino=2026-04-16&especie=*&variedad=*&estado=2
2026-04-16 00:45:33,169 - INFO - 🔘 Haciendo clic en 'Aplicar filtros'...
2026-04-16 00:45:35,926 - INFO - 📄 Procesando página 1...
2026-04-16 00:45:42,707 - INFO -    ✅ 50 filas extraídas
2026-04-16 00:45:44,926 - INFO - 📄 Procesando página 2...
2026-04-16 00:45:51,316 - INFO -    ✅ 50 filas extraídas
2026-04-16 00:45:53,466 - INFO - 📄 Procesando página 3...
2026-04-16 00:46:00,667 - INFO -    ✅ 50 filas extraídas
2026-04-16 00:46:02,802 - INFO - 📄 Procesando página 4...
2026-04-16 00:46:06,686 - INFO -    ✅ 30 filas extraídas
2026-04-16 00:46:06,712 - INFO - 📌 Última página alcanzada.
2026-04-16 00:46:06,715 - INFO - 
🎉 Total de registros extraídos: 180
2026-04-16 00:46:06,715 - INFO - 
📊 Vista previa:
2026-04-16 00:46:06,728 - INFO - 
    ID         Código       Fecha   Especie   Variedad    LMC Dominante Macetas actuales Reagrupado         Estado
0  904  M02N042LB5601  10-04-2026  Arándano  02N042LB5  NO LMC ( 100% )              656         NO  En inventario
1  903  M02N042LA5601  10-04-2026  Arándano  02N042LA5  NO LMC ( 100% )              848         NO  En inventario
2  902  M02N042LC5601  09-04-2026  Arándano  02N042LC5  NO LMC ( 100% )            2.168         NO  En inventario
3  901  M02T118LB5601  06-04-2026  Arándano  02T118LB5  NO LMC ( 100% )               92         NO  En inventario
4  900  M02T114LA5602  06-04-2026  Arándano  02T114LA5  NO LMC ( 100% )              204         NO  En inventario
2026-04-16 00:46:06,999 - INFO - 💾 Datos guardados en 'C:\SYNERGIABIO\APP_MACRO\data\BioTecnos.xlsx'
2026-04-16 00:46:09,298 - INFO - 🚪 Driver cerrado.
2026-04-17 00:45:06,543 - INFO - 📅 Rango: 2025-08-17 → 2026-04-17 (8 meses atrás)
2026-04-17 00:45:06,552 - INFO - ====== WebDriver manager ======
2026-04-17 00:45:09,043 - INFO - Get LATEST chromedriver version for google-chrome
2026-04-17 00:45:09,906 - INFO - Get LATEST chromedriver version for google-chrome
2026-04-17 00:45:10,620 - INFO - Get LATEST chromedriver version for google-chrome
2026-04-17 00:45:12,194 - INFO - WebDriver version 147.0.7727.57 selected
2026-04-17 00:45:12,204 - INFO - Modern chrome version https://storage.googleapis.com/chrome-for-testing-public/147.0.7727.57/win32/chromedriver-win32.zip
2026-04-17 00:45:12,204 - INFO - About to download new driver from https://storage.googleapis.com/chrome-for-testing-public/147.0.7727.57/win32/chromedriver-win32.zip
2026-04-17 00:45:13,091 - INFO - Driver downloading response is 200
2026-04-17 00:45:18,420 - INFO - Get LATEST chromedriver version for google-chrome
2026-04-17 00:45:19,301 - INFO - Driver has been saved in cache [C:\Users\bryan\.wdm\drivers\chromedriver\win64\147.0.7727.57]
2026-04-17 00:45:21,564 - INFO - ✅ Driver creado exitosamente.
2026-04-17 00:45:21,565 - INFO - 🔐 Iniciando sesión...
2026-04-17 00:45:24,557 - INFO - ✅ Sesión iniciada correctamente
2026-04-17 00:45:26,558 - INFO - 🌐 Navegando a: https://sisbiotecnos.cl/ex_vitro/lote_maceta/index?fecha_inicio=2025-08-17&fecha_termino=2026-04-17&especie=*&variedad=*&estado=2
2026-04-17 00:45:30,419 - INFO - 🔘 Haciendo clic en 'Aplicar filtros'...
2026-04-17 00:45:33,302 - INFO - 📄 Procesando página 1...
2026-04-17 00:45:42,037 - INFO -    ✅ 50 filas extraídas
2026-04-17 00:45:44,261 - INFO - 📄 Procesando página 2...
2026-04-17 00:45:52,564 - INFO -    ✅ 50 filas extraídas
2026-04-17 00:45:54,751 - INFO - 📄 Procesando página 3...
2026-04-17 00:46:03,357 - INFO -    ✅ 50 filas extraídas
2026-04-17 00:46:05,519 - INFO - 📄 Procesando página 4...
2026-04-17 00:46:09,843 - INFO -    ✅ 30 filas extraídas
2026-04-17 00:46:09,866 - INFO - 📌 Última página alcanzada.
2026-04-17 00:46:09,869 - INFO - 
🎉 Total de registros extraídos: 180
2026-04-17 00:46:09,869 - INFO - 
📊 Vista previa:
2026-04-17 00:46:09,885 - INFO - 
    ID         Código       Fecha   Especie   Variedad    LMC Dominante Macetas actuales Reagrupado         Estado
0  904  M02N042LB5601  10-04-2026  Arándano  02N042LB5  NO LMC ( 100% )              656         NO  En inventario
1  903  M02N042LA5601  10-04-2026  Arándano  02N042LA5  NO LMC ( 100% )              848         NO  En inventario
2  902  M02N042LC5601  09-04-2026  Arándano  02N042LC5  NO LMC ( 100% )            2.168         NO  En inventario
3  901  M02T118LB5601  06-04-2026  Arándano  02T118LB5  NO LMC ( 100% )               92         NO  En inventario
4  900  M02T114LA5602  06-04-2026  Arándano  02T114LA5  NO LMC ( 100% )              204         NO  En inventario
2026-04-17 00:46:10,198 - INFO - 💾 Datos guardados en 'C:\SYNERGIABIO\APP_MACRO\data\BioTecnos.xlsx'
2026-04-17 00:46:12,537 - INFO - 🚪 Driver cerrado.
2026-04-20 00:45:08,125 - INFO - 📅 Rango: 2025-08-20 → 2026-04-20 (8 meses atrás)
2026-04-20 00:45:08,134 - INFO - ====== WebDriver manager ======
2026-04-20 00:45:09,572 - INFO - Get LATEST chromedriver version for google-chrome
2026-04-20 00:45:10,518 - INFO - Get LATEST chromedriver version for google-chrome
2026-04-20 00:45:11,352 - INFO - Get LATEST chromedriver version for google-chrome
2026-04-20 00:45:13,184 - INFO - WebDriver version 147.0.7727.57 selected
2026-04-20 00:45:13,196 - INFO - Modern chrome version https://storage.googleapis.com/chrome-for-testing-public/147.0.7727.57/win32/chromedriver-win32.zip
2026-04-20 00:45:13,197 - INFO - About to download new driver from https://storage.googleapis.com/chrome-for-testing-public/147.0.7727.57/win32/chromedriver-win32.zip
2026-04-20 00:45:14,079 - INFO - Driver downloading response is 200
2026-04-20 00:45:17,821 - INFO - Get LATEST chromedriver version for google-chrome
2026-04-20 00:45:18,619 - INFO - Driver has been saved in cache [C:\Users\bryan\.wdm\drivers\chromedriver\win64\147.0.7727.57]
2026-04-20 00:45:21,245 - INFO - ✅ Driver creado exitosamente.
2026-04-20 00:45:21,246 - INFO - 🔐 Iniciando sesión...
2026-04-20 00:45:23,154 - INFO - ✅ Sesión iniciada correctamente
2026-04-20 00:45:25,157 - INFO - 🌐 Navegando a: https://sisbiotecnos.cl/ex_vitro/lote_maceta/index?fecha_inicio=2025-08-20&fecha_termino=2026-04-20&especie=*&variedad=*&estado=2
2026-04-20 00:45:29,120 - INFO - 🔘 Haciendo clic en 'Aplicar filtros'...
2026-04-20 00:45:31,237 - INFO - 📄 Procesando página 1...
2026-04-20 00:45:41,162 - INFO -    ✅ 50 filas extraídas
2026-04-20 00:45:43,442 - INFO - 📄 Procesando página 2...
2026-04-20 00:45:52,907 - INFO -    ✅ 50 filas extraídas
2026-04-20 00:45:55,097 - INFO - 📄 Procesando página 3...
2026-04-20 00:46:04,424 - INFO -    ✅ 50 filas extraídas
2026-04-20 00:46:06,583 - INFO - 📄 Procesando página 4...
2026-04-20 00:46:12,317 - INFO -    ✅ 29 filas extraídas
2026-04-20 00:46:12,354 - INFO - 📌 Última página alcanzada.
2026-04-20 00:46:12,359 - INFO - 
🎉 Total de registros extraídos: 179
2026-04-20 00:46:12,360 - INFO - 
📊 Vista previa:
2026-04-20 00:46:12,382 - INFO - 
    ID         Código       Fecha   Especie   Variedad    LMC Dominante Macetas actuales Reagrupado         Estado
0  907  M02T106L03603  16-04-2026  Arándano  02T106L03  NO LMC ( 100% )              920         NO  En inventario
1  906  M02L008L11603  16-04-2026  Arándano  02L008L11  NO LMC ( 100% )            3.000         NO  En inventario
2  904  M02N042LB5601  10-04-2026  Arándano  02N042LB5  NO LMC ( 100% )              656         NO  En inventario
3  903  M02N042LA5601  10-04-2026  Arándano  02N042LA5  NO LMC ( 100% )              848         NO  En inventario
4  902  M02N042LC5601  09-04-2026  Arándano  02N042LC5  NO LMC ( 100% )            2.168         NO  En inventario
2026-04-20 00:46:12,711 - INFO - 💾 Datos guardados en 'C:\SYNERGIABIO\APP_MACRO\data\BioTecnos.xlsx'
2026-04-20 00:46:15,062 - INFO - 🚪 Driver cerrado.
2026-04-21 00:45:06,831 - INFO - 📅 Rango: 2025-08-21 → 2026-04-21 (8 meses atrás)
2026-04-21 00:45:06,837 - INFO - ====== WebDriver manager ======
2026-04-21 00:45:08,859 - INFO - Get LATEST chromedriver version for google-chrome
2026-04-21 00:45:09,885 - INFO - Get LATEST chromedriver version for google-chrome
2026-04-21 00:45:10,745 - INFO - Get LATEST chromedriver version for google-chrome
2026-04-21 00:45:12,543 - INFO - WebDriver version 147.0.7727.57 selected
2026-04-21 00:45:12,554 - INFO - Modern chrome version https://storage.googleapis.com/chrome-for-testing-public/147.0.7727.57/win32/chromedriver-win32.zip
2026-04-21 00:45:12,554 - INFO - About to download new driver from https://storage.googleapis.com/chrome-for-testing-public/147.0.7727.57/win32/chromedriver-win32.zip
2026-04-21 00:45:13,368 - INFO - Driver downloading response is 200
2026-04-21 00:45:17,634 - INFO - Get LATEST chromedriver version for google-chrome
2026-04-21 00:45:18,693 - INFO - Driver has been saved in cache [C:\Users\bryan\.wdm\drivers\chromedriver\win64\147.0.7727.57]
2026-04-21 00:45:20,867 - INFO - ✅ Driver creado exitosamente.
2026-04-21 00:45:20,867 - INFO - 🔐 Iniciando sesión...
2026-04-21 00:45:22,688 - INFO - ✅ Sesión iniciada correctamente
2026-04-21 00:45:24,689 - INFO - 🌐 Navegando a: https://sisbiotecnos.cl/ex_vitro/lote_maceta/index?fecha_inicio=2025-08-21&fecha_termino=2026-04-21&especie=*&variedad=*&estado=2
2026-04-21 00:45:28,556 - INFO - 🔘 Haciendo clic en 'Aplicar filtros'...
2026-04-21 00:45:30,651 - INFO - 📄 Procesando página 1...
2026-04-21 00:45:38,289 - INFO -    ✅ 50 filas extraídas
2026-04-21 00:45:40,501 - INFO - 📄 Procesando página 2...
2026-04-21 00:45:48,177 - INFO -    ✅ 50 filas extraídas
2026-04-21 00:45:50,339 - INFO - 📄 Procesando página 3...
2026-04-21 00:45:57,714 - INFO -    ✅ 50 filas extraídas
2026-04-21 00:45:59,853 - INFO - 📄 Procesando página 4...
2026-04-21 00:46:03,995 - INFO -    ✅ 28 filas extraídas
2026-04-21 00:46:04,023 - INFO - 📌 Última página alcanzada.
2026-04-21 00:46:04,026 - INFO - 
🎉 Total de registros extraídos: 178
2026-04-21 00:46:04,027 - INFO - 
📊 Vista previa:
2026-04-21 00:46:04,043 - INFO - 
    ID         Código       Fecha   Especie   Variedad    LMC Dominante Macetas actuales Reagrupado         Estado
0  907  M02T106L03603  16-04-2026  Arándano  02T106L03  NO LMC ( 100% )              920         NO  En inventario
1  906  M02L008L11603  16-04-2026  Arándano  02L008L11  NO LMC ( 100% )            3.000         NO  En inventario
2  904  M02N042LB5601  10-04-2026  Arándano  02N042LB5  NO LMC ( 100% )              656         NO  En inventario
3  903  M02N042LA5601  10-04-2026  Arándano  02N042LA5  NO LMC ( 100% )              848         NO  En inventario
4  902  M02N042LC5601  09-04-2026  Arándano  02N042LC5  NO LMC ( 100% )            2.168         NO  En inventario
2026-04-21 00:46:04,320 - INFO - 💾 Datos guardados en 'C:\SYNERGIABIO\APP_MACRO\data\BioTecnos.xlsx'
2026-04-21 00:46:06,657 - INFO - 🚪 Driver cerrado.
